  [4;36;1mSQL (0.2ms)[0m   [0;1m SELECT name
 FROM sqlite_master
 WHERE type = 'table' AND NOT name = 'sqlite_sequence'
[0m
  [4;35;1mSQL (0.1ms)[0m   [0mselect sqlite_version(*)[0m
  [4;36;1mSQL (2.1ms)[0m   [0;1mCREATE TABLE "schema_migrations" ("version" varchar(255) NOT NULL) [0m
  [4;35;1mSQL (2.1ms)[0m   [0mCREATE UNIQUE INDEX "unique_schema_migrations" ON "schema_migrations" ("version")[0m
  [4;36;1mSQL (0.2ms)[0m   [0;1m SELECT name
 FROM sqlite_master
 WHERE type = 'table' AND NOT name = 'sqlite_sequence'
[0m
  [4;35;1mSQL (0.1ms)[0m   [0mSELECT version FROM schema_migrations[0m
Migrating to CreateProjects (20091105135202)
  [4;36;1mSQL (0.4ms)[0m   [0;1mCREATE TABLE "projects" ("id" INTEGER PRIMARY KEY AUTOINCREMENT NOT NULL, "title" varchar(255), "description" text, "category_id_id" integer, "completed_on" date, "created_at" datetime, "updated_at" datetime) [0m
  [4;35;1mSQL (0.2ms)[0m   [0mINSERT INTO schema_migrations (version) VALUES ('20091105135202')[0m
Migrating to CreateCategories (20091105135511)
  [4;36;1mSQL (0.3ms)[0m   [0;1mCREATE TABLE "categories" ("id" INTEGER PRIMARY KEY AUTOINCREMENT NOT NULL, "name" varchar(255), "projects_count" integer, "created_at" datetime, "updated_at" datetime) [0m
  [4;35;1mSQL (0.1ms)[0m   [0mINSERT INTO schema_migrations (version) VALUES ('20091105135511')[0m
  [4;36;1mSQL (0.3ms)[0m   [0;1m SELECT name
 FROM sqlite_master
 WHERE type = 'table' AND NOT name = 'sqlite_sequence'
[0m
  [4;35;1mSQL (0.1ms)[0m   [0mSELECT version FROM schema_migrations[0m
  [4;36;1mSQL (0.2ms)[0m   [0;1m SELECT name
 FROM sqlite_master
 WHERE type = 'table' AND NOT name = 'sqlite_sequence'
[0m
  [4;35;1mSQL (0.0ms)[0m   [0mPRAGMA index_list("categories")[0m
  [4;36;1mSQL (0.0ms)[0m   [0;1mPRAGMA index_list("projects")[0m


Processing ProjectsController#index (for 127.0.0.1 at 2009-11-06 10:50:11) [GET]
  [4;36;1mProject Load (0.6ms)[0m   [0;1mSELECT * FROM "projects" [0m

ActionView::MissingTemplate (Missing template projects/index.erb in view path app/views):
  /Library/Ruby/Gems/1.8/gems/inherited_resources-0.9.2/lib/inherited_resources/legacy/respond_to.rb:107:in `retrieve_response_from_mimes'
  /Library/Ruby/Gems/1.8/gems/inherited_resources-0.9.2/lib/inherited_resources/legacy/responder.rb:163:in `call'
  /Library/Ruby/Gems/1.8/gems/inherited_resources-0.9.2/lib/inherited_resources/legacy/responder.rb:163:in `default_render'
  /Library/Ruby/Gems/1.8/gems/inherited_resources-0.9.2/lib/inherited_resources/legacy/responder.rb:113:in `to_html'
  /Library/Ruby/Gems/1.8/gems/inherited_resources-0.9.2/lib/inherited_resources/legacy/responder.rb:106:in `send'
  /Library/Ruby/Gems/1.8/gems/inherited_resources-0.9.2/lib/inherited_resources/legacy/responder.rb:106:in `call'
  /Library/Ruby/Gems/1.8/gems/inherited_resources-0.9.2/lib/inherited_resources/legacy/respond_to.rb:65:in `respond_with'
  /Library/Ruby/Gems/1.8/gems/inherited_resources-0.9.2/lib/inherited_resources/actions.rb:7:in `index'

Rendering rescues/layout (internal_server_error)


Processing ProjectsController#index (for 127.0.0.1 at 2009-11-06 10:51:56) [GET]
  [4;35;1mProject Load (0.3ms)[0m   [0mSELECT * FROM "projects" [0m
Rendering template within layouts/site
Rendering projects/index

ActionView::TemplateError (You have a nil object when you didn't expect it!
The error occurred while evaluating nil.title) on line #5 of app/views/layouts/site.html.erb:
2: <html>
3:   <head>
4:     <meta http-equiv="Content-type" content="text/html; charset=utf-8">
5:     <title><%= (@page && !@page.title.blank?) ? @page.title : @home_page.title %></title>
6:     <meta name="keywords" content="<%= (@page && !@page.keywords.blank?) ? @page.keywords : @home_page.keywords %>">
7:     <meta name="description" content="<%= (@page && !@page.description.blank?) ? @page.description : @home_page.description %>">
8:   </head>

    app/views/layouts/site.html.erb:5
    /Library/Ruby/Gems/1.8/gems/inherited_resources-0.9.2/lib/inherited_resources/legacy/respond_to.rb:107:in `retrieve_response_from_mimes'
    /Library/Ruby/Gems/1.8/gems/inherited_resources-0.9.2/lib/inherited_resources/legacy/responder.rb:163:in `call'
    /Library/Ruby/Gems/1.8/gems/inherited_resources-0.9.2/lib/inherited_resources/legacy/responder.rb:163:in `default_render'
    /Library/Ruby/Gems/1.8/gems/inherited_resources-0.9.2/lib/inherited_resources/legacy/responder.rb:113:in `to_html'
    /Library/Ruby/Gems/1.8/gems/inherited_resources-0.9.2/lib/inherited_resources/legacy/responder.rb:106:in `send'
    /Library/Ruby/Gems/1.8/gems/inherited_resources-0.9.2/lib/inherited_resources/legacy/responder.rb:106:in `call'
    /Library/Ruby/Gems/1.8/gems/inherited_resources-0.9.2/lib/inherited_resources/legacy/respond_to.rb:65:in `respond_with'
    /Library/Ruby/Gems/1.8/gems/inherited_resources-0.9.2/lib/inherited_resources/actions.rb:7:in `index'

Rendered rescues/_trace (42.7ms)
Rendered rescues/_request_and_response (1.1ms)
Rendering rescues/layout (internal_server_error)


Processing ProjectsController#index (for 127.0.0.1 at 2009-11-06 11:42:49) [GET]
  [4;36;1mProject Load (0.4ms)[0m   [0;1mSELECT * FROM "projects" [0m
Rendering template within layouts/site
Rendering projects/index

ActionView::TemplateError (You have a nil object when you didn't expect it!
The error occurred while evaluating nil.title) on line #5 of app/views/layouts/site.html.erb:
2: <html>
3:   <head>
4:     <meta http-equiv="Content-type" content="text/html; charset=utf-8">
5:     <title><%= (@page && !@page.title.blank?) ? @page.title : @home_page.title %></title>
6:     <meta name="keywords" content="">
7:     <meta name="description" content="">
8:   </head>

    app/views/layouts/site.html.erb:5
    /Library/Ruby/Gems/1.8/gems/inherited_resources-0.9.2/lib/inherited_resources/legacy/respond_to.rb:107:in `retrieve_response_from_mimes'
    /Library/Ruby/Gems/1.8/gems/inherited_resources-0.9.2/lib/inherited_resources/legacy/responder.rb:163:in `call'
    /Library/Ruby/Gems/1.8/gems/inherited_resources-0.9.2/lib/inherited_resources/legacy/responder.rb:163:in `default_render'
    /Library/Ruby/Gems/1.8/gems/inherited_resources-0.9.2/lib/inherited_resources/legacy/responder.rb:113:in `to_html'
    /Library/Ruby/Gems/1.8/gems/inherited_resources-0.9.2/lib/inherited_resources/legacy/responder.rb:106:in `send'
    /Library/Ruby/Gems/1.8/gems/inherited_resources-0.9.2/lib/inherited_resources/legacy/responder.rb:106:in `call'
    /Library/Ruby/Gems/1.8/gems/inherited_resources-0.9.2/lib/inherited_resources/legacy/respond_to.rb:65:in `respond_with'
    /Library/Ruby/Gems/1.8/gems/inherited_resources-0.9.2/lib/inherited_resources/actions.rb:7:in `index'

Rendered rescues/_trace (118.7ms)
Rendered rescues/_request_and_response (0.3ms)
Rendering rescues/layout (internal_server_error)


Processing ProjectsController#index (for 127.0.0.1 at 2009-11-06 11:43:06) [GET]
  [4;35;1mProject Load (0.3ms)[0m   [0mSELECT * FROM "projects" [0m
Rendering template within layouts/site
Rendering projects/index
Completed in 7ms (View: 5, DB: 0) | 200 OK [http://localhost/projects]


Processing ProjectsController#index (for 127.0.0.1 at 2009-11-06 11:53:53) [GET]
  [4;36;1mProject Load (0.4ms)[0m   [0;1mSELECT * FROM "projects" [0m
Rendering template within layouts/site
Rendering projects/index
Completed in 7ms (View: 4, DB: 0) | 200 OK [http://localhost/projects]


Processing ProjectsController#index (for 127.0.0.1 at 2009-11-06 11:54:53) [GET]
  [4;35;1mProject Load (0.4ms)[0m   [0mSELECT * FROM "projects" [0m
Rendering template within layouts/site
Rendering projects/index
Completed in 13ms (View: 11, DB: 0) | 200 OK [http://localhost/projects]


Processing ProjectsController#index (for 127.0.0.1 at 2009-11-06 11:55:36) [GET]
  [4;36;1mProject Load (22.7ms)[0m   [0;1mSELECT * FROM "projects" [0m
Rendering template within layouts/site
Rendering projects/index
Completed in 41ms (View: 16, DB: 23) | 200 OK [http://localhost/projects]


Processing ProjectsController#index (for 127.0.0.1 at 2009-11-06 11:58:19) [GET]
  [4;35;1mProject Load (0.5ms)[0m   [0mSELECT * FROM "projects" [0m
Rendering template within layouts/site
Rendering projects/index
Completed in 5ms (View: 1, DB: 0) | 200 OK [http://localhost/projects]


Processing ProjectsController#index (for 127.0.0.1 at 2009-11-06 11:58:59) [GET]
  [4;36;1mProject Load (0.4ms)[0m   [0;1mSELECT * FROM "projects" [0m
Rendering template within layouts/site
Rendering projects/index
Completed in 72ms (View: 1, DB: 0) | 200 OK [http://localhost/projects]


Processing ProjectsController#index (for 127.0.0.1 at 2009-11-06 11:59:12) [GET]
  [4;35;1mProject Load (0.4ms)[0m   [0mSELECT * FROM "projects" [0m
Rendering template within layouts/site
Rendering projects/index
Completed in 4ms (View: 1, DB: 0) | 200 OK [http://localhost/projects]


Processing ProjectsController#index (for 127.0.0.1 at 2009-11-06 12:00:25) [GET]
  [4;36;1mProject Load (0.5ms)[0m   [0;1mSELECT * FROM "projects" [0m
Rendering template within layouts/site
Rendering projects/index
Completed in 4ms (View: 1, DB: 0) | 200 OK [http://localhost/projects]


Processing ProjectsController#index (for 127.0.0.1 at 2009-11-06 12:01:18) [GET]
  [4;35;1mProject Load (0.3ms)[0m   [0mSELECT * FROM "projects" [0m
Rendering template within layouts/site
Rendering projects/index
Completed in 7ms (View: 4, DB: 0) | 200 OK [http://localhost/projects]


Processing ProjectsController#index (for 127.0.0.1 at 2009-11-06 12:05:10) [GET]
  [4;36;1mProject Load (0.4ms)[0m   [0;1mSELECT * FROM "projects" [0m
Rendering template within layouts/site
Rendering projects/index
Completed in 8ms (View: 6, DB: 0) | 200 OK [http://localhost/projects]


Processing ProjectsController#index (for 127.0.0.1 at 2009-11-06 12:05:21) [GET]
  [4;35;1mProject Load (0.4ms)[0m   [0mSELECT * FROM "projects" [0m
Rendering template within layouts/site
Rendering projects/index
Completed in 6ms (View: 1, DB: 0) | 200 OK [http://localhost/projects]


Processing ProjectsController#index (for 127.0.0.1 at 2009-11-06 12:06:26) [GET]
  [4;36;1mProject Load (0.4ms)[0m   [0;1mSELECT * FROM "projects" [0m
Rendering template within layouts/site
Rendering projects/index
Completed in 10ms (View: 6, DB: 0) | 200 OK [http://localhost/projects]


Processing ProjectsController#index (for 127.0.0.1 at 2009-11-06 12:06:39) [GET]
  [4;35;1mProject Load (0.4ms)[0m   [0mSELECT * FROM "projects" [0m
Rendering template within layouts/site
Rendering projects/index
Completed in 80ms (View: 76, DB: 0) | 200 OK [http://localhost/projects]


Processing ProjectsController#index (for 127.0.0.1 at 2009-11-06 12:07:09) [GET]
  [4;36;1mProject Load (0.5ms)[0m   [0;1mSELECT * FROM "projects" [0m
Rendering template within layouts/site
Rendering projects/index
Completed in 5ms (View: 1, DB: 1) | 200 OK [http://localhost/projects]


Processing ProjectsController#index (for 127.0.0.1 at 2009-11-06 12:07:18) [GET]
  [4;35;1mProject Load (0.4ms)[0m   [0mSELECT * FROM "projects" [0m
Rendering template within layouts/site
Rendering projects/index
Completed in 6ms (View: 1, DB: 0) | 200 OK [http://localhost/projects]


Processing ProjectsController#index (for 127.0.0.1 at 2009-11-06 12:07:27) [GET]
  [4;36;1mProject Load (0.4ms)[0m   [0;1mSELECT * FROM "projects" [0m
Rendering template within layouts/site
Rendering projects/index
Completed in 5ms (View: 1, DB: 0) | 200 OK [http://localhost/projects]


Processing ProjectsController#index (for 127.0.0.1 at 2009-11-06 12:18:49) [GET]
  [4;35;1mProject Load (0.3ms)[0m   [0mSELECT * FROM "projects" [0m
Rendering template within layouts/site
Rendering projects/index
Completed in 7ms (View: 5, DB: 0) | 200 OK [http://localhost/projects]


Processing ProjectsController#index (for 127.0.0.1 at 2009-11-06 12:19:35) [GET]
  [4;36;1mProject Load (0.5ms)[0m   [0;1mSELECT * FROM "projects" [0m
Rendering template within layouts/site
Rendering projects/index
Completed in 11ms (View: 6, DB: 0) | 200 OK [http://localhost/projects]


Processing ProjectsController#index (for 127.0.0.1 at 2009-11-06 12:19:48) [GET]
  [4;35;1mProject Load (0.4ms)[0m   [0mSELECT * FROM "projects" [0m
Rendering template within layouts/site
Rendering projects/index
Completed in 4ms (View: 1, DB: 0) | 200 OK [http://localhost/projects]


Processing ProjectsController#index (for 127.0.0.1 at 2009-11-06 12:20:55) [GET]
  [4;36;1mProject Load (0.4ms)[0m   [0;1mSELECT * FROM "projects" [0m
Rendering template within layouts/site
Rendering projects/index
Completed in 68ms (View: 1, DB: 0) | 200 OK [http://localhost/projects]


Processing ProjectsController#index (for 127.0.0.1 at 2009-11-06 12:21:06) [GET]
  [4;35;1mProject Load (0.5ms)[0m   [0mSELECT * FROM "projects" [0m
Rendering template within layouts/site
Rendering projects/index
Completed in 4ms (View: 1, DB: 1) | 200 OK [http://localhost/projects]


Processing ProjectsController#index (for 127.0.0.1 at 2009-11-06 12:27:51) [GET]
  [4;36;1mProject Load (0.4ms)[0m   [0;1mSELECT * FROM "projects" [0m
Rendering template within layouts/site
Rendering projects/index
Completed in 3ms (View: 1, DB: 0) | 200 OK [http://localhost/projects]


Processing ProjectsController#index (for 127.0.0.1 at 2009-11-06 12:28:00) [GET]
  [4;35;1mProject Load (0.4ms)[0m   [0mSELECT * FROM "projects" [0m
Rendering template within layouts/site
Rendering projects/index
Completed in 3ms (View: 1, DB: 0) | 200 OK [http://localhost/projects]


Processing ProjectsController#index (for 127.0.0.1 at 2009-11-06 12:28:02) [GET]
  [4;36;1mProject Load (0.4ms)[0m   [0;1mSELECT * FROM "projects" [0m
Rendering template within layouts/site
Rendering projects/index
Completed in 23ms (View: 19, DB: 0) | 200 OK [http://localhost/projects]


Processing ProjectsController#index (for 127.0.0.1 at 2009-11-06 16:22:21) [GET]
  [4;35;1mProject Load (0.3ms)[0m   [0mSELECT * FROM "projects" [0m
Rendering template within layouts/site
Rendering projects/index
Completed in 3ms (View: 1, DB: 0) | 200 OK [http://localhost/projects]


Processing ProjectsController#index (for 127.0.0.1 at 2009-11-06 16:22:45) [GET]
  [4;36;1mProject Load (0.4ms)[0m   [0;1mSELECT * FROM "projects" [0m
Rendering template within layouts/site
Rendering projects/index
Completed in 3ms (View: 1, DB: 0) | 200 OK [http://localhost/projects]


Processing ProjectsController#index (for 127.0.0.1 at 2009-11-06 16:22:55) [GET]
  [4;35;1mProject Load (0.3ms)[0m   [0mSELECT * FROM "projects" [0m
Rendering template within layouts/site
Rendering projects/index
Completed in 3ms (View: 1, DB: 0) | 200 OK [http://localhost/projects]


Processing ProjectsController#index (for 127.0.0.1 at 2009-11-06 16:23:52) [GET]
  [4;36;1mProject Load (0.4ms)[0m   [0;1mSELECT * FROM "projects" [0m
Rendering template within layouts/site
Rendering projects/index
Completed in 3ms (View: 1, DB: 0) | 200 OK [http://localhost/projects]


Processing ProjectsController#index (for 127.0.0.1 at 2009-11-06 16:24:03) [GET]
  [4;35;1mProject Load (0.4ms)[0m   [0mSELECT * FROM "projects" [0m
Rendering template within layouts/site
Rendering projects/index
Completed in 3ms (View: 1, DB: 0) | 200 OK [http://localhost/projects]


Processing ProjectsController#index (for 127.0.0.1 at 2009-11-06 16:24:47) [GET]
  [4;36;1mProject Load (0.4ms)[0m   [0;1mSELECT * FROM "projects" [0m
Rendering template within layouts/site
Rendering projects/index
Completed in 3ms (View: 1, DB: 0) | 200 OK [http://localhost/projects]


Processing ProjectsController#index (for 127.0.0.1 at 2009-11-06 16:25:00) [GET]
  [4;35;1mProject Load (0.3ms)[0m   [0mSELECT * FROM "projects" [0m
Rendering template within layouts/site
Rendering projects/index
Completed in 3ms (View: 1, DB: 0) | 200 OK [http://localhost/projects]


Processing ProjectsController#index (for 127.0.0.1 at 2009-11-06 16:25:10) [GET]
  [4;36;1mProject Load (0.3ms)[0m   [0;1mSELECT * FROM "projects" [0m
Rendering template within layouts/site
Rendering projects/index
Completed in 3ms (View: 1, DB: 0) | 200 OK [http://localhost/projects]


Processing ProjectsController#index (for 127.0.0.1 at 2009-11-06 16:27:19) [GET]
  [4;35;1mProject Load (0.4ms)[0m   [0mSELECT * FROM "projects" [0m
Rendering template within layouts/site
Rendering projects/index
Completed in 3ms (View: 1, DB: 0) | 200 OK [http://localhost/projects]


Processing ProjectsController#index (for 127.0.0.1 at 2009-11-06 16:27:36) [GET]
  [4;36;1mProject Load (0.4ms)[0m   [0;1mSELECT * FROM "projects" [0m
Rendering template within layouts/site
Rendering projects/index
Completed in 3ms (View: 1, DB: 0) | 200 OK [http://localhost/projects]


Processing ProjectsController#index (for 127.0.0.1 at 2009-11-06 16:29:14) [GET]
  [4;35;1mProject Load (0.4ms)[0m   [0mSELECT * FROM "projects" [0m
Rendering template within layouts/site
Rendering projects/index
Completed in 4ms (View: 1, DB: 0) | 200 OK [http://localhost/projects]


Processing ProjectsController#index (for 127.0.0.1 at 2009-11-06 16:29:27) [GET]
  [4;36;1mProject Load (0.4ms)[0m   [0;1mSELECT * FROM "projects" [0m
Rendering template within layouts/site
Rendering projects/index
Completed in 3ms (View: 1, DB: 0) | 200 OK [http://localhost/projects]


Processing ProjectsController#index (for 127.0.0.1 at 2009-11-06 16:29:33) [GET]
  [4;35;1mProject Load (0.3ms)[0m   [0mSELECT * FROM "projects" [0m
Rendering template within layouts/site
Rendering projects/index
Completed in 3ms (View: 1, DB: 0) | 200 OK [http://localhost/projects]


Processing ProjectsController#index (for 127.0.0.1 at 2009-11-06 16:29:38) [GET]
  [4;36;1mProject Load (0.3ms)[0m   [0;1mSELECT * FROM "projects" [0m
Rendering template within layouts/site
Rendering projects/index
Completed in 3ms (View: 1, DB: 0) | 200 OK [http://localhost/projects]


Processing ProjectsController#index (for 127.0.0.1 at 2009-11-06 16:29:54) [GET]
  [4;35;1mProject Load (0.4ms)[0m   [0mSELECT * FROM "projects" [0m
Rendering template within layouts/site
Rendering projects/index
Completed in 3ms (View: 1, DB: 0) | 200 OK [http://localhost/projects]


Processing ProjectsController#index (for 127.0.0.1 at 2009-11-06 16:30:05) [GET]
  [4;36;1mProject Load (0.3ms)[0m   [0;1mSELECT * FROM "projects" [0m
Rendering template within layouts/site
Rendering projects/index
Completed in 3ms (View: 1, DB: 0) | 200 OK [http://localhost/projects]


Processing ProjectsController#index (for 127.0.0.1 at 2009-11-06 16:30:31) [GET]
  [4;35;1mProject Load (0.4ms)[0m   [0mSELECT * FROM "projects" [0m
Rendering template within layouts/site
Rendering projects/index
Completed in 3ms (View: 1, DB: 0) | 200 OK [http://localhost/projects]


Processing ProjectsController#index (for 127.0.0.1 at 2009-11-06 16:30:35) [GET]
  [4;36;1mProject Load (0.4ms)[0m   [0;1mSELECT * FROM "projects" [0m
Rendering template within layouts/site
Rendering projects/index
Completed in 3ms (View: 1, DB: 0) | 200 OK [http://localhost/projects]


Processing ProjectsController#index (for 127.0.0.1 at 2009-11-06 16:30:44) [GET]
  [4;35;1mProject Load (0.3ms)[0m   [0mSELECT * FROM "projects" [0m
Rendering template within layouts/site
Rendering projects/index
Completed in 3ms (View: 1, DB: 0) | 200 OK [http://localhost/projects]


Processing ProjectsController#index (for 127.0.0.1 at 2009-11-06 16:30:55) [GET]
  [4;36;1mProject Load (0.4ms)[0m   [0;1mSELECT * FROM "projects" [0m
Rendering template within layouts/site
Rendering projects/index
Completed in 3ms (View: 1, DB: 0) | 200 OK [http://localhost/projects]


Processing ProjectsController#index (for 127.0.0.1 at 2009-11-06 16:31:02) [GET]
  [4;35;1mProject Load (0.3ms)[0m   [0mSELECT * FROM "projects" [0m
Rendering template within layouts/site
Rendering projects/index
Completed in 3ms (View: 1, DB: 0) | 200 OK [http://localhost/projects]


Processing ProjectsController#index (for 127.0.0.1 at 2009-11-06 16:31:15) [GET]
  [4;36;1mProject Load (0.4ms)[0m   [0;1mSELECT * FROM "projects" [0m
Rendering template within layouts/site
Rendering projects/index
Completed in 4ms (View: 1, DB: 0) | 200 OK [http://localhost/projects]


Processing ProjectsController#index (for 127.0.0.1 at 2009-11-06 16:31:36) [GET]
  [4;35;1mProject Load (0.4ms)[0m   [0mSELECT * FROM "projects" [0m
Rendering template within layouts/site
Rendering projects/index
Completed in 3ms (View: 1, DB: 0) | 200 OK [http://localhost/projects]


Processing ProjectsController#index (for 127.0.0.1 at 2009-11-06 16:31:46) [GET]
  [4;36;1mProject Load (0.4ms)[0m   [0;1mSELECT * FROM "projects" [0m
Rendering template within layouts/site
Rendering projects/index
Completed in 3ms (View: 1, DB: 0) | 200 OK [http://localhost/projects]


Processing ProjectsController#index (for 127.0.0.1 at 2009-11-06 16:31:52) [GET]
  [4;35;1mProject Load (0.4ms)[0m   [0mSELECT * FROM "projects" [0m
Rendering template within layouts/site
Rendering projects/index
Completed in 4ms (View: 1, DB: 0) | 200 OK [http://localhost/projects]


Processing ProjectsController#index (for 127.0.0.1 at 2009-11-06 16:33:25) [GET]
  [4;36;1mProject Load (0.3ms)[0m   [0;1mSELECT * FROM "projects" [0m
Rendering template within layouts/site
Rendering projects/index
Completed in 7ms (View: 5, DB: 0) | 200 OK [http://localhost/projects]


Processing ProjectsController#index (for 127.0.0.1 at 2009-11-06 16:33:39) [GET]
  [4;35;1mProject Load (0.4ms)[0m   [0mSELECT * FROM "projects" [0m
Rendering template within layouts/site
Rendering projects/index
Completed in 8ms (View: 5, DB: 0) | 200 OK [http://localhost/projects]


Processing ProjectsController#index (for 127.0.0.1 at 2009-11-06 16:34:11) [GET]
  [4;36;1mProject Load (0.4ms)[0m   [0;1mSELECT * FROM "projects" [0m
Rendering template within layouts/site
Rendering projects/index
Completed in 4ms (View: 1, DB: 0) | 200 OK [http://localhost/projects]


Processing ProjectsController#index (for 127.0.0.1 at 2009-11-06 16:34:29) [GET]
  [4;35;1mProject Load (0.4ms)[0m   [0mSELECT * FROM "projects" [0m
Rendering template within layouts/site
Rendering projects/index
Completed in 3ms (View: 1, DB: 0) | 200 OK [http://localhost/projects]


Processing ProjectsController#index (for 127.0.0.1 at 2009-11-06 16:41:05) [GET]
  [4;36;1mProject Load (0.4ms)[0m   [0;1mSELECT * FROM "projects" [0m
Rendering template within layouts/site
Rendering projects/index
Completed in 7ms (View: 5, DB: 0) | 200 OK [http://localhost/projects]


Processing ProjectsController#index (for 127.0.0.1 at 2009-11-06 16:48:20) [GET]
  [4;35;1mProject Load (24.2ms)[0m   [0mSELECT * FROM "projects" [0m
Rendering template within layouts/site
Rendering projects/index
Completed in 72ms (View: 45, DB: 24) | 200 OK [http://localhost/projects]


Processing ProjectsController#index (for 127.0.0.1 at 2009-11-06 16:49:41) [GET]
  [4;36;1mProject Load (0.4ms)[0m   [0;1mSELECT * FROM "projects" [0m
Rendering template within layouts/site
Rendering projects/index
Completed in 8ms (View: 5, DB: 0) | 200 OK [http://localhost/projects]


Processing ProjectsController#index (for 127.0.0.1 at 2009-11-06 16:49:56) [GET]
  [4;35;1mProject Load (0.4ms)[0m   [0mSELECT * FROM "projects" [0m
Rendering template within layouts/site
Rendering projects/index
Completed in 4ms (View: 1, DB: 0) | 200 OK [http://localhost/projects]


Processing ProjectsController#index (for 127.0.0.1 at 2009-11-06 16:50:02) [GET]
  [4;36;1mProject Load (1.2ms)[0m   [0;1mSELECT * FROM "projects" [0m
Rendering template within layouts/site
Rendering projects/index
Completed in 5ms (View: 1, DB: 1) | 200 OK [http://localhost/projects]


Processing ProjectsController#index (for 127.0.0.1 at 2009-11-06 16:51:16) [GET]
  [4;35;1mProject Load (0.4ms)[0m   [0mSELECT * FROM "projects" [0m
Rendering template within layouts/site
Rendering projects/index
Completed in 8ms (View: 5, DB: 0) | 200 OK [http://localhost/projects]


Processing ProjectsController#index (for 127.0.0.1 at 2009-11-06 16:51:19) [GET]
  [4;36;1mProject Load (0.4ms)[0m   [0;1mSELECT * FROM "projects" [0m
Rendering template within layouts/site
Rendering projects/index
Completed in 4ms (View: 1, DB: 0) | 200 OK [http://localhost/projects]


Processing ProjectsController#index (for 127.0.0.1 at 2009-11-06 16:53:30) [GET]
  [4;35;1mProject Load (0.4ms)[0m   [0mSELECT * FROM "projects" [0m
Rendering template within layouts/site
Rendering projects/index
Completed in 7ms (View: 5, DB: 0) | 200 OK [http://localhost/projects]


Processing ProjectsController#index (for 127.0.0.1 at 2009-11-06 16:53:45) [GET]
  [4;36;1mProject Load (0.3ms)[0m   [0;1mSELECT * FROM "projects" [0m
Rendering template within layouts/site
Rendering projects/index
Completed in 8ms (View: 5, DB: 0) | 200 OK [http://localhost/projects]


Processing ProjectsController#index (for 127.0.0.1 at 2009-11-06 16:54:02) [GET]
  [4;35;1mProject Load (0.4ms)[0m   [0mSELECT * FROM "projects" [0m
Rendering template within layouts/site
Rendering projects/index
Completed in 4ms (View: 1, DB: 0) | 200 OK [http://localhost/projects]


Processing ProjectsController#index (for 127.0.0.1 at 2009-11-06 16:54:43) [GET]
  [4;36;1mProject Load (0.4ms)[0m   [0;1mSELECT * FROM "projects" [0m
Rendering template within layouts/site
Rendering projects/index
Completed in 5ms (View: 1, DB: 0) | 200 OK [http://localhost/projects]


Processing ProjectsController#index (for 127.0.0.1 at 2009-11-06 16:54:49) [GET]
  [4;35;1mProject Load (0.4ms)[0m   [0mSELECT * FROM "projects" [0m
Rendering template within layouts/site
Rendering projects/index
Completed in 4ms (View: 1, DB: 0) | 200 OK [http://localhost/projects]


Processing ProjectsController#index (for 127.0.0.1 at 2009-11-06 16:55:42) [GET]
  [4;36;1mProject Load (0.4ms)[0m   [0;1mSELECT * FROM "projects" [0m
Rendering template within layouts/site
Rendering projects/index
Completed in 4ms (View: 1, DB: 0) | 200 OK [http://localhost/projects]


Processing ProjectsController#index (for 127.0.0.1 at 2009-11-06 16:55:51) [GET]
  [4;35;1mProject Load (0.4ms)[0m   [0mSELECT * FROM "projects" [0m
Rendering template within layouts/site
Rendering projects/index
Completed in 3ms (View: 1, DB: 0) | 200 OK [http://localhost/projects]


Processing ProjectsController#index (for 127.0.0.1 at 2009-11-06 16:57:21) [GET]
  [4;36;1mProject Load (0.4ms)[0m   [0;1mSELECT * FROM "projects" [0m
Rendering template within layouts/site
Rendering projects/index
Completed in 5ms (View: 2, DB: 0) | 200 OK [http://localhost/projects]


Processing ProjectsController#index (for 127.0.0.1 at 2009-11-06 16:59:09) [GET]
  [4;35;1mProject Load (0.4ms)[0m   [0mSELECT * FROM "projects" [0m
Rendering template within layouts/site
Rendering projects/index
Completed in 3ms (View: 1, DB: 0) | 200 OK [http://localhost/projects]


Processing ProjectsController#index (for 127.0.0.1 at 2009-11-06 16:59:45) [GET]
  [4;36;1mProject Load (0.4ms)[0m   [0;1mSELECT * FROM "projects" [0m
Rendering template within layouts/site
Rendering projects/index
Completed in 3ms (View: 1, DB: 0) | 200 OK [http://localhost/projects]


Processing ProjectsController#index (for 127.0.0.1 at 2009-11-06 17:00:04) [GET]
  [4;35;1mProject Load (0.4ms)[0m   [0mSELECT * FROM "projects" [0m
Rendering template within layouts/site
Rendering projects/index
Completed in 3ms (View: 1, DB: 0) | 200 OK [http://localhost/projects]


Processing ProjectsController#index (for 127.0.0.1 at 2009-11-06 17:01:57) [GET]
  [4;36;1mProject Load (0.3ms)[0m   [0;1mSELECT * FROM "projects" [0m
Rendering template within layouts/site
Rendering projects/index
Completed in 41ms (View: 39, DB: 0) | 200 OK [http://localhost/projects]


Processing ProjectsController#index (for 127.0.0.1 at 2009-11-06 17:03:49) [GET]
  [4;35;1mProject Load (0.4ms)[0m   [0mSELECT * FROM "projects" [0m
Rendering template within layouts/site
Rendering projects/index
Completed in 4ms (View: 1, DB: 0) | 200 OK [http://localhost/projects]


Processing ProjectsController#index (for 127.0.0.1 at 2009-11-06 17:04:30) [GET]
  [4;36;1mProject Load (0.4ms)[0m   [0;1mSELECT * FROM "projects" [0m
Rendering template within layouts/site
Rendering projects/index
Completed in 8ms (View: 5, DB: 0) | 200 OK [http://localhost/projects]


Processing ProjectsController#index (for 127.0.0.1 at 2009-11-06 17:04:58) [GET]
  [4;35;1mProject Load (0.4ms)[0m   [0mSELECT * FROM "projects" [0m
Rendering template within layouts/site
Rendering projects/index
Completed in 8ms (View: 5, DB: 0) | 200 OK [http://localhost/projects]


Processing ProjectsController#index (for 127.0.0.1 at 2009-11-06 17:05:27) [GET]
  [4;36;1mProject Load (0.5ms)[0m   [0;1mSELECT * FROM "projects" [0m
Rendering template within layouts/site
Rendering projects/index
Completed in 3ms (View: 1, DB: 0) | 200 OK [http://localhost/projects]


Processing ProjectsController#index (for 127.0.0.1 at 2009-11-06 17:05:47) [GET]
  [4;35;1mProject Load (0.3ms)[0m   [0mSELECT * FROM "projects" [0m
Rendering template within layouts/site
Rendering projects/index
Completed in 3ms (View: 1, DB: 0) | 200 OK [http://localhost/projects]


Processing ProjectsController#index (for 127.0.0.1 at 2009-11-06 17:06:21) [GET]
  [4;36;1mProject Load (0.3ms)[0m   [0;1mSELECT * FROM "projects" [0m
Rendering template within layouts/site
Rendering projects/index
Completed in 3ms (View: 1, DB: 0) | 200 OK [http://localhost/projects]


Processing ProjectsController#index (for 127.0.0.1 at 2009-11-06 17:06:56) [GET]
  [4;35;1mProject Load (0.4ms)[0m   [0mSELECT * FROM "projects" [0m
Rendering template within layouts/site
Rendering projects/index
Completed in 4ms (View: 1, DB: 0) | 200 OK [http://localhost/projects]


Processing ProjectsController#index (for 127.0.0.1 at 2009-11-06 17:07:03) [GET]
  [4;36;1mProject Load (0.4ms)[0m   [0;1mSELECT * FROM "projects" [0m
Rendering template within layouts/site
Rendering projects/index
Completed in 3ms (View: 1, DB: 0) | 200 OK [http://localhost/projects]


Processing ProjectsController#index (for 127.0.0.1 at 2009-11-06 17:08:51) [GET]
  [4;35;1mProject Load (0.4ms)[0m   [0mSELECT * FROM "projects" [0m
Rendering template within layouts/site
Rendering projects/index
Completed in 28ms (View: 25, DB: 0) | 200 OK [http://localhost/projects]


Processing ProjectsController#index (for 127.0.0.1 at 2009-11-06 17:08:53) [GET]
  [4;36;1mProject Load (0.3ms)[0m   [0;1mSELECT * FROM "projects" [0m
Rendering template within layouts/site
Rendering projects/index
Completed in 37ms (View: 35, DB: 0) | 200 OK [http://localhost/projects]


Processing ProjectsController#index (for 127.0.0.1 at 2009-11-06 17:09:16) [GET]
  [4;35;1mProject Load (0.4ms)[0m   [0mSELECT * FROM "projects" [0m
Rendering template within layouts/site
Rendering projects/index
Completed in 4ms (View: 1, DB: 0) | 200 OK [http://localhost/projects]


Processing ProjectsController#index (for 127.0.0.1 at 2009-11-06 17:09:27) [GET]
  [4;36;1mProject Load (0.6ms)[0m   [0;1mSELECT * FROM "projects" [0m
Rendering template within layouts/site
Rendering projects/index
Completed in 5ms (View: 1, DB: 1) | 200 OK [http://localhost/projects]


Processing ProjectsController#index (for 127.0.0.1 at 2009-11-06 17:09:32) [GET]
  [4;35;1mProject Load (0.4ms)[0m   [0mSELECT * FROM "projects" [0m
Rendering template within layouts/site
Rendering projects/index
Completed in 3ms (View: 1, DB: 0) | 200 OK [http://localhost/projects]


Processing ProjectsController#index (for 127.0.0.1 at 2009-11-06 17:09:41) [GET]
  [4;36;1mProject Load (0.6ms)[0m   [0;1mSELECT * FROM "projects" [0m
Rendering template within layouts/site
Rendering projects/index
Completed in 4ms (View: 1, DB: 1) | 200 OK [http://localhost/projects]


Processing ProjectsController#index (for 127.0.0.1 at 2009-11-06 17:10:20) [GET]
  [4;35;1mProject Load (0.7ms)[0m   [0mSELECT * FROM "projects" [0m
Rendering template within layouts/site
Rendering projects/index
Completed in 4ms (View: 1, DB: 1) | 200 OK [http://localhost/projects]


Processing ProjectsController#index (for 127.0.0.1 at 2009-11-06 17:10:23) [GET]
  [4;36;1mProject Load (0.4ms)[0m   [0;1mSELECT * FROM "projects" [0m
Rendering template within layouts/site
Rendering projects/index
Completed in 4ms (View: 1, DB: 0) | 200 OK [http://localhost/projects]


Processing ProjectsController#index (for 127.0.0.1 at 2009-11-06 17:11:24) [GET]
  [4;35;1mProject Load (0.4ms)[0m   [0mSELECT * FROM "projects" [0m
Rendering template within layouts/site
Rendering projects/index
Completed in 4ms (View: 1, DB: 0) | 200 OK [http://localhost/projects]


Processing ProjectsController#index (for 127.0.0.1 at 2009-11-06 17:11:42) [GET]
  [4;36;1mProject Load (0.4ms)[0m   [0;1mSELECT * FROM "projects" [0m
Rendering template within layouts/site
Rendering projects/index
Completed in 4ms (View: 1, DB: 0) | 200 OK [http://localhost/projects]


Processing ProjectsController#index (for 127.0.0.1 at 2009-11-06 17:13:30) [GET]
  [4;35;1mProject Load (0.4ms)[0m   [0mSELECT * FROM "projects" [0m
Rendering template within layouts/site
Rendering projects/index
Completed in 4ms (View: 1, DB: 0) | 200 OK [http://localhost/projects]


Processing ProjectsController#index (for 127.0.0.1 at 2009-11-06 17:13:39) [GET]
  [4;36;1mProject Load (0.4ms)[0m   [0;1mSELECT * FROM "projects" [0m
Rendering template within layouts/site
Rendering projects/index
Completed in 3ms (View: 1, DB: 0) | 200 OK [http://localhost/projects]


Processing ProjectsController#index (for 127.0.0.1 at 2009-11-06 17:14:34) [GET]
  [4;35;1mProject Load (0.3ms)[0m   [0mSELECT * FROM "projects" [0m
Rendering template within layouts/site
Rendering projects/index
Completed in 3ms (View: 1, DB: 0) | 200 OK [http://localhost/projects]


Processing ProjectsController#index (for 127.0.0.1 at 2009-11-06 17:14:51) [GET]
  [4;36;1mProject Load (0.3ms)[0m   [0;1mSELECT * FROM "projects" [0m
Rendering template within layouts/site
Rendering projects/index
Completed in 3ms (View: 1, DB: 0) | 200 OK [http://localhost/projects]


Processing ProjectsController#index (for 127.0.0.1 at 2009-11-06 17:16:46) [GET]
  [4;35;1mProject Load (0.4ms)[0m   [0mSELECT * FROM "projects" [0m
Rendering template within layouts/site
Rendering projects/index
Completed in 4ms (View: 1, DB: 0) | 200 OK [http://localhost/projects]


Processing ProjectsController#index (for 127.0.0.1 at 2009-11-06 17:18:35) [GET]
  [4;36;1mProject Load (0.4ms)[0m   [0;1mSELECT * FROM "projects" [0m
Rendering template within layouts/site
Rendering projects/index
Completed in 4ms (View: 1, DB: 0) | 200 OK [http://localhost/projects]


Processing ProjectsController#index (for 127.0.0.1 at 2009-11-06 17:18:44) [GET]
  [4;35;1mProject Load (0.4ms)[0m   [0mSELECT * FROM "projects" [0m
Rendering template within layouts/site
Rendering projects/index
Completed in 3ms (View: 1, DB: 0) | 200 OK [http://localhost/projects]


Processing ProjectsController#index (for 127.0.0.1 at 2009-11-06 17:19:23) [GET]
  [4;36;1mProject Load (0.4ms)[0m   [0;1mSELECT * FROM "projects" [0m
Rendering template within layouts/site
Rendering projects/index
Completed in 3ms (View: 1, DB: 0) | 200 OK [http://localhost/projects]


Processing ProjectsController#index (for 127.0.0.1 at 2009-11-06 17:19:57) [GET]
  [4;35;1mProject Load (0.4ms)[0m   [0mSELECT * FROM "projects" [0m
Rendering template within layouts/site
Rendering projects/index
Completed in 3ms (View: 1, DB: 0) | 200 OK [http://localhost/projects]


Processing ProjectsController#index (for 127.0.0.1 at 2009-11-06 17:20:06) [GET]
  [4;36;1mProject Load (0.4ms)[0m   [0;1mSELECT * FROM "projects" [0m
Rendering template within layouts/site
Rendering projects/index
Completed in 4ms (View: 1, DB: 0) | 200 OK [http://localhost/projects]


Processing ProjectsController#index (for 127.0.0.1 at 2009-11-06 17:20:08) [GET]
  [4;35;1mProject Load (0.3ms)[0m   [0mSELECT * FROM "projects" [0m
Rendering template within layouts/site
Rendering projects/index
Completed in 4ms (View: 1, DB: 0) | 200 OK [http://localhost/projects]


Processing ProjectsController#index (for 127.0.0.1 at 2009-11-06 17:20:23) [GET]
  [4;36;1mProject Load (0.3ms)[0m   [0;1mSELECT * FROM "projects" [0m
Rendering template within layouts/site
Rendering projects/index
Completed in 3ms (View: 1, DB: 0) | 200 OK [http://localhost/projects]


Processing ProjectsController#index (for 127.0.0.1 at 2009-11-06 17:20:42) [GET]
  [4;35;1mProject Load (0.8ms)[0m   [0mSELECT * FROM "projects" [0m
Rendering template within layouts/site
Rendering projects/index
Completed in 4ms (View: 1, DB: 1) | 200 OK [http://localhost/projects]


Processing ProjectsController#index (for 127.0.0.1 at 2009-11-06 17:21:13) [GET]
  [4;36;1mProject Load (0.4ms)[0m   [0;1mSELECT * FROM "projects" [0m
Rendering template within layouts/site
Rendering projects/index
Completed in 3ms (View: 1, DB: 0) | 200 OK [http://localhost/projects]


Processing ProjectsController#index (for 127.0.0.1 at 2009-11-06 17:21:56) [GET]
  [4;35;1mProject Load (0.4ms)[0m   [0mSELECT * FROM "projects" [0m
Rendering template within layouts/site
Rendering projects/index
Completed in 4ms (View: 1, DB: 0) | 200 OK [http://localhost/projects]


Processing ProjectsController#index (for 127.0.0.1 at 2009-11-06 17:22:09) [GET]
  [4;36;1mProject Load (0.4ms)[0m   [0;1mSELECT * FROM "projects" [0m
Rendering template within layouts/site
Rendering projects/index
Completed in 3ms (View: 1, DB: 0) | 200 OK [http://localhost/projects]


Processing ProjectsController#index (for 127.0.0.1 at 2009-11-06 17:22:24) [GET]
  [4;35;1mProject Load (0.4ms)[0m   [0mSELECT * FROM "projects" [0m
Rendering template within layouts/site
Rendering projects/index
Completed in 3ms (View: 1, DB: 0) | 200 OK [http://localhost/projects]


Processing ProjectsController#index (for 127.0.0.1 at 2009-11-06 17:22:33) [GET]
  [4;36;1mProject Load (0.3ms)[0m   [0;1mSELECT * FROM "projects" [0m
Rendering template within layouts/site
Rendering projects/index
Completed in 3ms (View: 1, DB: 0) | 200 OK [http://localhost/projects]


Processing ProjectsController#index (for 127.0.0.1 at 2009-11-06 17:22:57) [GET]
  [4;35;1mProject Load (0.5ms)[0m   [0mSELECT * FROM "projects" [0m
Rendering template within layouts/site
Rendering projects/index
Completed in 5ms (View: 1, DB: 0) | 200 OK [http://localhost/projects]


Processing ProjectsController#index (for 127.0.0.1 at 2009-11-06 17:22:59) [GET]
  [4;36;1mProject Load (0.4ms)[0m   [0;1mSELECT * FROM "projects" [0m
Rendering template within layouts/site
Rendering projects/index
Completed in 3ms (View: 1, DB: 0) | 200 OK [http://localhost/projects]


Processing ProjectsController#index (for 127.0.0.1 at 2009-11-06 17:23:17) [GET]
  [4;35;1mProject Load (0.4ms)[0m   [0mSELECT * FROM "projects" [0m
Rendering template within layouts/site
Rendering projects/index
Completed in 5ms (View: 1, DB: 0) | 200 OK [http://localhost/projects]


Processing ProjectsController#index (for 127.0.0.1 at 2009-11-06 17:23:39) [GET]
  [4;36;1mProject Load (0.4ms)[0m   [0;1mSELECT * FROM "projects" [0m
Rendering template within layouts/site
Rendering projects/index
Completed in 4ms (View: 1, DB: 0) | 200 OK [http://localhost/projects]


Processing ProjectsController#index (for 127.0.0.1 at 2009-11-06 17:24:51) [GET]
  [4;35;1mProject Load (0.4ms)[0m   [0mSELECT * FROM "projects" [0m
Rendering template within layouts/site
Rendering projects/index
Completed in 5ms (View: 1, DB: 0) | 200 OK [http://localhost/projects]


Processing ProjectsController#index (for 127.0.0.1 at 2009-11-06 17:24:56) [GET]
  [4;36;1mProject Load (0.4ms)[0m   [0;1mSELECT * FROM "projects" [0m
Rendering template within layouts/site
Rendering projects/index
Completed in 3ms (View: 1, DB: 0) | 200 OK [http://localhost/projects]


Processing ProjectsController#index (for 127.0.0.1 at 2009-11-06 17:26:04) [GET]
  [4;35;1mProject Load (0.3ms)[0m   [0mSELECT * FROM "projects" [0m
Rendering template within layouts/site
Rendering projects/index
Completed in 4ms (View: 1, DB: 0) | 200 OK [http://localhost/projects]


Processing ProjectsController#index (for 127.0.0.1 at 2009-11-06 17:26:29) [GET]
  [4;36;1mProject Load (0.3ms)[0m   [0;1mSELECT * FROM "projects" [0m
Rendering template within layouts/site
Rendering projects/index
Completed in 3ms (View: 1, DB: 0) | 200 OK [http://localhost/projects]


Processing ProjectsController#index (for 127.0.0.1 at 2009-11-06 17:27:01) [GET]
  [4;35;1mProject Load (0.4ms)[0m   [0mSELECT * FROM "projects" [0m
Rendering template within layouts/site
Rendering projects/index
Completed in 3ms (View: 1, DB: 0) | 200 OK [http://localhost/projects]


Processing ProjectsController#index (for 127.0.0.1 at 2009-11-06 17:27:46) [GET]
  [4;36;1mProject Load (0.3ms)[0m   [0;1mSELECT * FROM "projects" [0m
Rendering template within layouts/site
Rendering projects/index
Completed in 3ms (View: 1, DB: 0) | 200 OK [http://localhost/projects]


Processing ProjectsController#index (for 127.0.0.1 at 2009-11-06 17:27:49) [GET]
  [4;35;1mProject Load (0.4ms)[0m   [0mSELECT * FROM "projects" [0m
Rendering template within layouts/site
Rendering projects/index
Completed in 5ms (View: 2, DB: 0) | 200 OK [http://localhost/projects]


Processing ProjectsController#index (for 127.0.0.1 at 2009-11-06 17:28:17) [GET]
  [4;36;1mProject Load (0.4ms)[0m   [0;1mSELECT * FROM "projects" [0m
Rendering template within layouts/site
Rendering projects/index
Completed in 3ms (View: 1, DB: 0) | 200 OK [http://localhost/projects]


Processing ProjectsController#index (for 127.0.0.1 at 2009-11-06 17:28:29) [GET]
  [4;35;1mProject Load (0.3ms)[0m   [0mSELECT * FROM "projects" [0m
Rendering template within layouts/site
Rendering projects/index
Completed in 3ms (View: 1, DB: 0) | 200 OK [http://localhost/projects]


Processing ProjectsController#index (for 127.0.0.1 at 2009-11-06 17:30:47) [GET]
  [4;36;1mProject Load (0.5ms)[0m   [0;1mSELECT * FROM "projects" [0m
Rendering template within layouts/site
Rendering projects/index
Completed in 4ms (View: 1, DB: 0) | 200 OK [http://localhost/projects]


Processing ProjectsController#index (for 127.0.0.1 at 2009-11-06 17:31:02) [GET]
  [4;35;1mProject Load (0.4ms)[0m   [0mSELECT * FROM "projects" [0m
Rendering template within layouts/site
Rendering projects/index
Completed in 3ms (View: 1, DB: 0) | 200 OK [http://localhost/projects]


Processing ProjectsController#index (for 127.0.0.1 at 2009-11-06 17:31:16) [GET]
  [4;36;1mProject Load (0.4ms)[0m   [0;1mSELECT * FROM "projects" [0m
Rendering template within layouts/site
Rendering projects/index
Completed in 3ms (View: 1, DB: 0) | 200 OK [http://localhost/projects]


Processing ProjectsController#index (for 127.0.0.1 at 2009-11-06 17:31:32) [GET]
  [4;35;1mProject Load (0.4ms)[0m   [0mSELECT * FROM "projects" [0m
Rendering template within layouts/site
Rendering projects/index
Completed in 3ms (View: 1, DB: 0) | 200 OK [http://localhost/projects]


Processing ProjectsController#index (for 127.0.0.1 at 2009-11-06 17:31:43) [GET]
  [4;36;1mProject Load (0.3ms)[0m   [0;1mSELECT * FROM "projects" [0m
Rendering template within layouts/site
Rendering projects/index
Completed in 3ms (View: 1, DB: 0) | 200 OK [http://localhost/projects]


Processing ProjectsController#index (for 127.0.0.1 at 2009-11-06 17:32:03) [GET]
  [4;35;1mProject Load (0.4ms)[0m   [0mSELECT * FROM "projects" [0m
Rendering template within layouts/site
Rendering projects/index
Completed in 4ms (View: 1, DB: 0) | 200 OK [http://localhost/projects]


Processing ProjectsController#index (for 127.0.0.1 at 2009-11-06 17:32:36) [GET]
  [4;36;1mProject Load (0.5ms)[0m   [0;1mSELECT * FROM "projects" [0m
Rendering template within layouts/site
Rendering projects/index
Completed in 4ms (View: 1, DB: 0) | 200 OK [http://localhost/projects]


Processing ProjectsController#index (for 127.0.0.1 at 2009-11-06 17:33:07) [GET]
  [4;35;1mProject Load (0.4ms)[0m   [0mSELECT * FROM "projects" [0m
Rendering template within layouts/site
Rendering projects/index
Completed in 3ms (View: 1, DB: 0) | 200 OK [http://localhost/projects]


Processing ProjectsController#index (for 127.0.0.1 at 2009-11-06 17:37:36) [GET]
  [4;36;1mProject Load (0.4ms)[0m   [0;1mSELECT * FROM "projects" [0m
Rendering template within layouts/site
Rendering projects/index
Completed in 3ms (View: 1, DB: 0) | 200 OK [http://localhost/projects]


Processing ProjectsController#index (for 127.0.0.1 at 2009-11-06 17:39:07) [GET]
  [4;35;1mProject Load (0.3ms)[0m   [0mSELECT * FROM "projects" [0m
Rendering template within layouts/site
Rendering projects/index
Completed in 3ms (View: 1, DB: 0) | 200 OK [http://localhost/projects]


Processing ProjectsController#index (for 127.0.0.1 at 2009-11-06 17:40:13) [GET]
  [4;36;1mProject Load (0.4ms)[0m   [0;1mSELECT * FROM "projects" [0m
Rendering template within layouts/site
Rendering projects/index
Completed in 3ms (View: 1, DB: 0) | 200 OK [http://localhost/projects]


Processing ProjectsController#index (for 127.0.0.1 at 2009-11-06 17:42:38) [GET]
  [4;35;1mProject Load (0.4ms)[0m   [0mSELECT * FROM "projects" [0m
Rendering template within layouts/site
Rendering projects/index
Completed in 4ms (View: 1, DB: 0) | 200 OK [http://localhost/projects]


Processing ProjectsController#index (for 127.0.0.1 at 2009-11-06 17:42:59) [GET]
  [4;36;1mProject Load (0.3ms)[0m   [0;1mSELECT * FROM "projects" [0m
Rendering template within layouts/site
Rendering projects/index
Completed in 3ms (View: 1, DB: 0) | 200 OK [http://localhost/projects]


Processing ProjectsController#index (for 127.0.0.1 at 2009-11-06 18:23:09) [GET]
  [4;35;1mProject Load (0.6ms)[0m   [0mSELECT * FROM "projects" [0m
Rendering template within layouts/site
Rendering projects/index
Completed in 4ms (View: 1, DB: 1) | 200 OK [http://localhost/projects]


Processing ProjectsController#index (for 127.0.0.1 at 2009-11-06 18:23:16) [GET]
  [4;36;1mProject Load (0.3ms)[0m   [0;1mSELECT * FROM "projects" [0m
Rendering template within layouts/site
Rendering projects/index
Completed in 3ms (View: 1, DB: 0) | 200 OK [http://localhost/projects]


Processing ProjectsController#index (for 127.0.0.1 at 2009-11-06 18:24:44) [GET]
  [4;35;1mProject Load (0.4ms)[0m   [0mSELECT * FROM "projects" [0m
Rendering template within layouts/site
Rendering projects/index
Completed in 4ms (View: 1, DB: 0) | 200 OK [http://localhost/projects]


Processing ProjectsController#index (for 127.0.0.1 at 2009-11-06 18:26:07) [GET]
  [4;36;1mProject Load (0.4ms)[0m   [0;1mSELECT * FROM "projects" [0m
Rendering template within layouts/site
Rendering projects/index
Completed in 3ms (View: 1, DB: 0) | 200 OK [http://localhost/projects]


Processing ProjectsController#index (for 127.0.0.1 at 2009-11-06 18:26:54) [GET]
  [4;35;1mProject Load (0.4ms)[0m   [0mSELECT * FROM "projects" [0m
Rendering template within layouts/site
Rendering projects/index
Completed in 3ms (View: 1, DB: 0) | 200 OK [http://localhost/projects]


Processing ProjectsController#index (for 127.0.0.1 at 2009-11-06 18:27:18) [GET]
  [4;36;1mProject Load (0.4ms)[0m   [0;1mSELECT * FROM "projects" [0m
Rendering template within layouts/site
Rendering projects/index
Completed in 3ms (View: 1, DB: 0) | 200 OK [http://localhost/projects]


Processing ProjectsController#index (for 127.0.0.1 at 2009-11-06 18:27:54) [GET]
  [4;35;1mProject Load (0.4ms)[0m   [0mSELECT * FROM "projects" [0m
Rendering template within layouts/site
Rendering projects/index
Completed in 4ms (View: 1, DB: 0) | 200 OK [http://localhost/projects]


Processing ProjectsController#index (for 127.0.0.1 at 2009-11-06 18:28:54) [GET]
  [4;36;1mProject Load (0.3ms)[0m   [0;1mSELECT * FROM "projects" [0m
Rendering template within layouts/site
Rendering projects/index
Completed in 3ms (View: 1, DB: 0) | 200 OK [http://localhost/projects]


Processing ProjectsController#index (for 127.0.0.1 at 2009-11-06 18:37:29) [GET]
  [4;35;1mProject Load (0.3ms)[0m   [0mSELECT * FROM "projects" [0m
Rendering template within layouts/site
Rendering projects/index
Completed in 3ms (View: 1, DB: 0) | 200 OK [http://localhost/projects]


Processing ProjectsController#index (for 127.0.0.1 at 2009-11-06 18:38:44) [GET]
  [4;36;1mProject Load (0.4ms)[0m   [0;1mSELECT * FROM "projects" [0m
Rendering template within layouts/site
Rendering projects/index
Completed in 4ms (View: 1, DB: 0) | 200 OK [http://localhost/projects]


Processing ProjectsController#index (for 127.0.0.1 at 2009-11-06 18:38:54) [GET]
  [4;35;1mProject Load (0.4ms)[0m   [0mSELECT * FROM "projects" [0m
Rendering template within layouts/site
Rendering projects/index
Completed in 3ms (View: 1, DB: 0) | 200 OK [http://localhost/projects]


Processing ProjectsController#index (for 127.0.0.1 at 2009-11-06 18:39:58) [GET]
  [4;36;1mProject Load (0.4ms)[0m   [0;1mSELECT * FROM "projects" [0m
Rendering template within layouts/site
Rendering projects/index
Completed in 3ms (View: 1, DB: 0) | 200 OK [http://localhost/projects]


Processing ProjectsController#index (for 127.0.0.1 at 2009-11-06 18:40:24) [GET]
  [4;35;1mProject Load (0.4ms)[0m   [0mSELECT * FROM "projects" [0m
Rendering template within layouts/site
Rendering projects/index
Completed in 3ms (View: 1, DB: 0) | 200 OK [http://localhost/projects]


Processing ProjectsController#index (for 127.0.0.1 at 2009-11-06 18:41:01) [GET]
  [4;36;1mProject Load (0.4ms)[0m   [0;1mSELECT * FROM "projects" [0m
Rendering template within layouts/site
Rendering projects/index
Completed in 3ms (View: 1, DB: 0) | 200 OK [http://localhost/projects]


Processing ProjectsController#index (for 127.0.0.1 at 2009-11-06 18:41:37) [GET]
  [4;35;1mProject Load (0.4ms)[0m   [0mSELECT * FROM "projects" [0m
Rendering template within layouts/site
Rendering projects/index
Completed in 4ms (View: 1, DB: 0) | 200 OK [http://localhost/projects]


Processing ProjectsController#index (for 127.0.0.1 at 2009-11-07 00:05:59) [GET]
  [4;36;1mProject Load (0.4ms)[0m   [0;1mSELECT * FROM "projects" [0m
Rendering template within layouts/site
Rendering projects/index
Completed in 4ms (View: 1, DB: 0) | 200 OK [http://localhost/projects]


Processing ProjectsController#index (for 127.0.0.1 at 2009-11-07 00:21:58) [GET]
  [4;35;1mProject Load (0.4ms)[0m   [0mSELECT * FROM "projects" [0m
Rendering template within layouts/site
Rendering projects/index
Completed in 4ms (View: 1, DB: 0) | 200 OK [http://localhost/projects]


Processing ProjectsController#index (for 127.0.0.1 at 2009-11-07 00:23:41) [GET]
  [4;36;1mProject Load (0.4ms)[0m   [0;1mSELECT * FROM "projects" [0m
Rendering template within layouts/site
Rendering projects/index
Completed in 3ms (View: 1, DB: 0) | 200 OK [http://localhost/projects]


Processing ProjectsController#index (for 127.0.0.1 at 2009-11-07 00:24:17) [GET]
  [4;35;1mProject Load (0.4ms)[0m   [0mSELECT * FROM "projects" [0m
Rendering template within layouts/site
Rendering projects/index
Completed in 4ms (View: 1, DB: 0) | 200 OK [http://localhost/projects]


Processing ProjectsController#index (for 127.0.0.1 at 2009-11-07 00:25:04) [GET]
  [4;36;1mProject Load (0.4ms)[0m   [0;1mSELECT * FROM "projects" [0m
Rendering template within layouts/site
Rendering projects/index
Completed in 4ms (View: 1, DB: 0) | 200 OK [http://localhost/projects]


Processing ProjectsController#index (for 127.0.0.1 at 2009-11-07 00:25:58) [GET]
  [4;35;1mProject Load (0.4ms)[0m   [0mSELECT * FROM "projects" [0m
Rendering template within layouts/site
Rendering projects/index
Completed in 4ms (View: 1, DB: 0) | 200 OK [http://localhost/projects]


Processing ProjectsController#index (for 127.0.0.1 at 2009-11-07 00:26:13) [GET]
  [4;36;1mProject Load (0.4ms)[0m   [0;1mSELECT * FROM "projects" [0m
Rendering template within layouts/site
Rendering projects/index
Completed in 3ms (View: 1, DB: 0) | 200 OK [http://localhost/projects]


Processing ProjectsController#index (for 127.0.0.1 at 2009-11-07 00:26:52) [GET]
  [4;35;1mProject Load (0.4ms)[0m   [0mSELECT * FROM "projects" [0m
Rendering template within layouts/site
Rendering projects/index
Completed in 4ms (View: 1, DB: 0) | 200 OK [http://localhost/projects]


Processing ProjectsController#index (for 127.0.0.1 at 2009-11-07 00:30:47) [GET]
  [4;36;1mProject Load (0.4ms)[0m   [0;1mSELECT * FROM "projects" [0m
Rendering template within layouts/site
Rendering projects/index
Completed in 4ms (View: 1, DB: 0) | 200 OK [http://localhost/projects]


Processing ProjectsController#index (for 127.0.0.1 at 2009-11-07 00:33:57) [GET]
  [4;35;1mProject Load (0.5ms)[0m   [0mSELECT * FROM "projects" [0m
Rendering template within layouts/site
Rendering projects/index
Completed in 4ms (View: 1, DB: 0) | 200 OK [http://localhost/projects]


Processing ProjectsController#index (for 127.0.0.1 at 2009-11-07 00:35:16) [GET]
  [4;36;1mProject Load (0.4ms)[0m   [0;1mSELECT * FROM "projects" [0m
Rendering template within layouts/site
Rendering projects/index
Completed in 3ms (View: 1, DB: 0) | 200 OK [http://localhost/projects]


Processing ProjectsController#index (for 127.0.0.1 at 2009-11-07 00:40:52) [GET]
  [4;35;1mProject Load (0.4ms)[0m   [0mSELECT * FROM "projects" [0m
Rendering template within layouts/site
Rendering projects/index
Completed in 3ms (View: 1, DB: 0) | 200 OK [http://localhost/projects]


Processing ProjectsController#index (for 127.0.0.1 at 2009-11-07 00:42:29) [GET]
  [4;36;1mProject Load (0.4ms)[0m   [0;1mSELECT * FROM "projects" [0m
Rendering template within layouts/site
Rendering projects/index
Completed in 35ms (View: 32, DB: 0) | 200 OK [http://localhost/projects]


Processing ProjectsController#index (for 127.0.0.1 at 2009-11-07 00:43:22) [GET]
  [4;35;1mProject Load (0.4ms)[0m   [0mSELECT * FROM "projects" [0m
Rendering template within layouts/site
Rendering projects/index
Completed in 4ms (View: 1, DB: 0) | 200 OK [http://localhost/projects]
